#
# A fatal error has been detected by the Java Runtime Environment:
#
#  SIGSEGV (0xb) at pc=0x00007f37f6a0828c, pid=15886, tid=139877969536768
#
# JRE version: Java(TM) SE Runtime Environment (8.0_66-b17) (build 1.8.0_66-b17)
# Java VM: Java HotSpot(TM) 64-Bit Server VM (25.66-b17 mixed mode linux-amd64 compressed oops)
# Problematic frame:
# V  [libjvm.so+0x97128c]  ParCompactionManager::follow_marking_stacks()+0x22c
#
# Failed to write core dump. Core dumps have been disabled. To enable core dumping, try "ulimit -c unlimited" before starting Java again
#
# If you would like to submit a bug report, please visit:
#   http://bugreport.java.com/bugreport/crash.jsp
#

---------------  T H R E A D  ---------------

Current thread (0x00007f37f002d000):  GCTaskThread [stack: 0x00007f37e09fa000,0x00007f37e0afb000] [id=15895]

siginfo: si_signo: 11 (SIGSEGV), si_code: 128 (SI_KERNEL), si_addr: 0x0000000000000000

Registers:
RAX=0x00007f37cb8eb7b8, RBX=0x00007f37f7042000, RCX=0x0000000000000003, RDX=0x00000000b51ca250
RSP=0x00007f37e0af9ab0, RBP=0x00007f37e0af9c30, RSI=0x00007f37f007e440, RDI=0x0000000100150888
R8 =0x00000000b51ca29c, R9 =0x0000000000004000, R10=0x0000000000000006, R11=0x00007f37f7042000
R12=0x00007f37f007e440, R13=0x0000000000000007, R14=0x00007f37f007e440, R15=0x00007f37f6bd8735
RIP=0x00007f37f6a0828c, EFLAGS=0x0000000000010206, CSGSFS=0x0000000000000033, ERR=0x0000000000000000
  TRAPNO=0x000000000000000d

Top of Stack: (sp=0x00007f37e0af9ab0)
0x00007f37e0af9ab0:   0000000100018070 0000000100018070
0x00007f37e0af9ac0:   00007f37f007e450 00007f37e0af9be0
0x00007f37e0af9ad0:   00007f37e0af9bb0 00007f37e0af9b90
0x00007f37e0af9ae0:   00007f37e0af9b80 00007f37e0af9b70
0x00007f37e0af9af0:   00007f37e0af9b60 00007f37e0af9b50
0x00007f37e0af9b00:   00007f37f7036b49 00007f37f007e500
0x00007f37e0af9b10:   0000000088bb0c30 00007f37e0af9bd0
0x00007f37e0af9b20:   00007f37e0af9bc0 00007f37e0af9bb0
0x00007f37e0af9b30:   0000000000000400 0000000000000400
0x00007f37e0af9b40:   00007f37f007e480 00007f37e0af9bf8
0x00007f37e0af9b50:   0000000085079260 00007f37f7046020
0x00007f37e0af9b60:   00007f37e0af9bd0 00007f37f66e2f0c
0x00007f37e0af9b70:   0000000088d9ab14 000000008592d1b8
0x00007f37e0af9b80:   0000000100002180 0000000100002180
0x00007f37e0af9b90:   0000000000000000 00007f3700000000
0x00007f37e0af9ba0:   00007f37f7046020 000000008592d1b8
0x00007f37e0af9bb0:   000000008a9fd630 00007f37f7046020
0x00007f37e0af9bc0:   00007f37e0af9c30 00007f37f66e31af
0x00007f37e0af9bd0:   000000008a9ef934 000000008a9ef910
0x00007f37e0af9be0:   006b615100005350 000000010014f298
0x00007f37e0af9bf0:   006b615200005350 00000000b51ca250
0x00007f37e0af9c00:   000000008744bcc0 0000000000000002
0x00007f37e0af9c10:   00007f37f007db10 0000000000000007
0x00007f37e0af9c20:   00007f37f007e440 00007f37f6bd8735
0x00007f37e0af9c30:   00007f37e0af9d70 00007f37f69ee925
0x00007f37e0af9c40:   00112cf700000c0c 00007f37a00d5d80
0x00007f37e0af9c50:   00007f37e0af9d10 00007f37e0af9d00
0x00007f37e0af9c60:   00007f37e0af9cf0 00007f37e0af9ce0
0x00007f37e0af9c70:   00007f37e0af9d20 00007f37e0af9d30
0x00007f37e0af9c80:   00007f37e0af9d3c 00007f37f002fc60
0x00007f37e0af9c90:   00007f37a00d5db0 00007f37f69ee41e
0x00007f37e0af9ca0:   00007f37e0af9ce0 00007f37f002d920 

Instructions: (pc=0x00007f37f6a0828c)
0x00007f37f6a0826c:   00 0f 84 2d 03 00 00 48 8b 05 26 05 5f 00 8b 7a
0x00007f37f6a0827c:   08 8b 48 08 48 d3 e7 48 03 38 48 8b 07 4c 89 e6
0x00007f37f6a0828c:   ff 90 20 01 00 00 41 8b 54 24 08 41 8b 44 24 10
0x00007f37f6a0829c:   89 d1 29 c1 89 c8 a9 ff ff 01 00 0f 85 5b ff ff 

Register to memory mapping:

RAX={method} {0x00007f37cb8eb7b8} 'spliterator' '()Ljava/util/Spliterator;' in 'java/util/ArrayList'
RBX=0x00007f37f7042000: <offset 0xfab000> in /usr/lib/jvm/java-8-oracle/jre/lib/amd64/server/libjvm.so at 0x00007f37f6097000
RCX=0x0000000000000003 is an unknown value
RDX=0x00000000b51ca250 is an oop

[error occurred during error reporting (printing register info), id 0xb]

Stack: [0x00007f37e09fa000,0x00007f37e0afb000],  sp=0x00007f37e0af9ab0,  free space=1022k
Native frames: (J=compiled Java code, j=interpreted, Vv=VM code, C=native code)
V  [libjvm.so+0x97128c]  ParCompactionManager::follow_marking_stacks()+0x22c
V  [libjvm.so+0x957925]  StealMarkingTask::do_it(GCTaskManager*, unsigned int)+0x325
V  [libjvm.so+0x5d3bcf]  GCTaskThread::run()+0x12f
V  [libjvm.so+0x91cc68]  java_start(Thread*)+0x108


---------------  P R O C E S S  ---------------

Java Threads: ( => current thread )
  0x00007f37f06a7800 JavaThread "nioEventLoopGroup-2-1" [_thread_blocked, id=15929, stack(0x00007f37c8559000,0x00007f37c865a000)]
  0x00007f37f024b000 JavaThread "Monitor Ctrl-Break" daemon [_thread_in_native, id=15926, stack(0x00007f37c8d83000,0x00007f37c8e84000)]
  0x00007f37f00d5800 JavaThread "Service Thread" daemon [_thread_blocked, id=15924, stack(0x00007f37c929c000,0x00007f37c939d000)]
  0x00007f37f00c8000 JavaThread "C1 CompilerThread3" daemon [_thread_blocked, id=15923, stack(0x00007f37c939d000,0x00007f37c949e000)]
  0x00007f37f00c6000 JavaThread "C2 CompilerThread2" daemon [_thread_blocked, id=15922, stack(0x00007f37c949e000,0x00007f37c959f000)]
  0x00007f37f00c4000 JavaThread "C2 CompilerThread1" daemon [_thread_blocked, id=15921, stack(0x00007f37c959f000,0x00007f37c96a0000)]
  0x00007f37f00c1000 JavaThread "C2 CompilerThread0" daemon [_thread_blocked, id=15919, stack(0x00007f37c96a0000,0x00007f37c97a1000)]
  0x00007f37f00bf800 JavaThread "Signal Dispatcher" daemon [_thread_blocked, id=15918, stack(0x00007f37c97a1000,0x00007f37c98a2000)]
  0x00007f37f0089000 JavaThread "Finalizer" daemon [_thread_blocked, id=15908, stack(0x00007f37c9f85000,0x00007f37ca086000)]
  0x00007f37f0087000 JavaThread "Reference Handler" daemon [_thread_blocked, id=15907, stack(0x00007f37ca086000,0x00007f37ca187000)]
  0x00007f37f000b000 JavaThread "main" [_thread_blocked, id=15887, stack(0x00007f37f7b71000,0x00007f37f7c72000)]

Other Threads:
  0x00007f37f0082000 VMThread [stack: 0x00007f37ca187000,0x00007f37ca288000] [id=15906]
  0x00007f37f00d8800 WatcherThread [stack: 0x00007f37c919b000,0x00007f37c929c000] [id=15925]

=>0x00007f37f002d000 (exited) GCTaskThread [stack: 0x00007f37e09fa000,0x00007f37e0afb000] [id=15895]

VM state:at safepoint (normal execution)

VM Mutex/Monitor currently owned by a thread:  ([mutex/lock_event])
[0x00007f37f0007810] Threads_lock - owner thread: 0x00007f37f0082000
[0x00007f37f0007d10] Heap_lock - owner thread: 0x00007f37f06a7800

Heap:
 PSYoungGen      total 364032K, used 74656K [0x00000000d7000000, 0x00000000fc280000, 0x0000000100000000)
  eden space 140288K, 0% used [0x00000000d7000000,0x00000000d7000000,0x00000000df900000)
  from space 223744K, 33% used [0x00000000df900000,0x00000000e41e8000,0x00000000ed380000)
  to   space 223744K, 0% used [0x00000000ee800000,0x00000000ee800000,0x00000000fc280000)
 ParOldGen       total 1095680K, used 1007148K [0x0000000085000000, 0x00000000c7e00000, 0x00000000d7000000)
  object space 1095680K, 91% used [0x0000000085000000,0x00000000c278b3e8,0x00000000c7e00000)
 Metaspace       used 10746K, capacity 10944K, committed 11136K, reserved 1058816K
  class space    used 1303K, capacity 1368K, committed 1408K, reserved 1048576K

Card table byte_map: [0x00007f37f455c000,0x00007f37f4935000] byte_map_base: 0x00007f37f4134000

Marking Bits: (ParMarkBitMap*) 0x00007f37f7046020
 Begin Bits: [0x00007f37d8280000, 0x00007f37da140000)
 End Bits:   [0x00007f37da140000, 0x00007f37dc000000)

Polling page: 0x00007f37f7c93000

CodeCache: size=245760Kb used=4997Kb max_used=5009Kb free=240762Kb
 bounds [0x00007f37e1000000, 0x00007f37e14f0000, 0x00007f37f0000000]
 total_blobs=1794 nmethods=1456 adapters=251
 compilation: enabled

Compilation events (10 events):
Event: 14.938 Thread 0x00007f37f00c6000 nmethod 1465 0x00007f37e14d0d10 code [0x00007f37e14d0ea0, 0x00007f37e14d1358]
Event: 14.938 Thread 0x00007f37f00c1000 nmethod 1464 0x00007f37e14e7490 code [0x00007f37e14e7640, 0x00007f37e14e7c78]
Event: 14.957 Thread 0x00007f37f00c4000 1466       4       ch.qos.logback.classic.Logger::isErrorEnabled (76 bytes)
Event: 14.959 Thread 0x00007f37f00c4000 nmethod 1466 0x00007f37e14e0350 code [0x00007f37e14e04a0, 0x00007f37e14e0598]
Event: 14.959 Thread 0x00007f37f00c6000 1467   !   4       io.netty.util.ResourceLeakDetector$DefaultResourceLeak::close (76 bytes)
Event: 14.959 Thread 0x00007f37f00c1000 1468       4       io.netty.buffer.WrappedByteBuf::writerIndex (11 bytes)
Event: 14.960 Thread 0x00007f37f00c1000 nmethod 1468 0x00007f37e14cd410 code [0x00007f37e14cd560, 0x00007f37e14cd658]
Event: 14.962 Thread 0x00007f37f00c6000 nmethod 1467 0x00007f37e14e6e10 code [0x00007f37e14e6f80, 0x00007f37e14e72b8]
Event: 14.970 Thread 0x00007f37f00c4000 1469       4       io.netty.buffer.SimpleLeakAwareByteBuf::release (21 bytes)
Event: 14.974 Thread 0x00007f37f00c4000 nmethod 1469 0x00007f37e14e6510 code [0x00007f37e14e66a0, 0x00007f37e14e6aa8]

GC Heap History (10 events):
Event: 14.230 GC heap after
Heap after GC invocations=20 (full 5):
 PSYoungGen      total 325632K, used 77124K [0x00000000d7000000, 0x00000000fa100000, 0x0000000100000000)
  eden space 101888K, 0% used [0x00000000d7000000,0x00000000d7000000,0x00000000dd380000)
  from space 223744K, 34% used [0x00000000dd380000,0x00000000e1ed13c8,0x00000000eae00000)
  to   space 223744K, 0% used [0x00000000ec680000,0x00000000ec680000,0x00000000fa100000)
 ParOldGen       total 1095680K, used 739156K [0x0000000085000000, 0x00000000c7e00000, 0x00000000d7000000)
  object space 1095680K, 67% used [0x0000000085000000,0x00000000b21d53e8,0x00000000c7e00000)
 Metaspace       used 10739K, capacity 10880K, committed 11136K, reserved 1058816K
  class space    used 1302K, capacity 1368K, committed 1408K, reserved 1048576K
}
Event: 14.359 GC heap before
{Heap before GC invocations=21 (full 5):
 PSYoungGen      total 325632K, used 179012K [0x00000000d7000000, 0x00000000fa100000, 0x0000000100000000)
  eden space 101888K, 100% used [0x00000000d7000000,0x00000000dd380000,0x00000000dd380000)
  from space 223744K, 34% used [0x00000000dd380000,0x00000000e1ed13c8,0x00000000eae00000)
  to   space 223744K, 0% used [0x00000000ec680000,0x00000000ec680000,0x00000000fa100000)
 ParOldGen       total 1095680K, used 739156K [0x0000000085000000, 0x00000000c7e00000, 0x00000000d7000000)
  object space 1095680K, 67% used [0x0000000085000000,0x00000000b21d53e8,0x00000000c7e00000)
 Metaspace       used 10744K, capacity 10944K, committed 11136K, reserved 1058816K
  class space    used 1302K, capacity 1368K, committed 1408K, reserved 1048576K
Event: 14.588 GC heap after
Heap after GC invocations=21 (full 5):
 PSYoungGen      total 342528K, used 58880K [0x00000000d7000000, 0x00000000f9d00000, 0x0000000100000000)
  eden space 122880K, 0% used [0x00000000d7000000,0x00000000d7000000,0x00000000de800000)
  from space 219648K, 26% used [0x00000000ec680000,0x00000000f0000000,0x00000000f9d00000)
  to   space 223744K, 0% used [0x00000000de800000,0x00000000de800000,0x00000000ec280000)
 ParOldGen       total 1095680K, used 816620K [0x0000000085000000, 0x00000000c7e00000, 0x00000000d7000000)
  object space 1095680K, 74% used [0x0000000085000000,0x00000000b6d7b3e8,0x00000000c7e00000)
 Metaspace       used 10744K, capacity 10944K, committed 11136K, reserved 1058816K
  class space    used 1302K, capacity 1368K, committed 1408K, reserved 1048576K
}
Event: 14.741 GC heap before
{Heap before GC invocations=22 (full 5):
 PSYoungGen      total 342528K, used 181760K [0x00000000d7000000, 0x00000000f9d00000, 0x0000000100000000)
  eden space 122880K, 100% used [0x00000000d7000000,0x00000000de800000,0x00000000de800000)
  from space 219648K, 26% used [0x00000000ec680000,0x00000000f0000000,0x00000000f9d00000)
  to   space 223744K, 0% used [0x00000000de800000,0x00000000de800000,0x00000000ec280000)
 ParOldGen       total 1095680K, used 816620K [0x0000000085000000, 0x00000000c7e00000, 0x00000000d7000000)
  object space 1095680K, 74% used [0x0000000085000000,0x00000000b6d7b3e8,0x00000000c7e00000)
 Metaspace       used 10744K, capacity 10944K, committed 11136K, reserved 1058816K
  class space    used 1302K, capacity 1368K, committed 1408K, reserved 1048576K
Event: 14.838 GC heap after
Heap after GC invocations=22 (full 5):
 PSYoungGen      total 346624K, used 66528K [0x00000000d7000000, 0x00000000fae00000, 0x0000000100000000)
  eden space 122880K, 0% used [0x00000000d7000000,0x00000000d7000000,0x00000000de800000)
  from space 223744K, 29% used [0x00000000de800000,0x00000000e28f8000,0x00000000ec280000)
  to   space 223744K, 0% used [0x00000000ed380000,0x00000000ed380000,0x00000000fae00000)
 ParOldGen       total 1095680K, used 875564K [0x0000000085000000, 0x00000000c7e00000, 0x00000000d7000000)
  object space 1095680K, 79% used [0x0000000085000000,0x00000000ba70b3e8,0x00000000c7e00000)
 Metaspace       used 10744K, capacity 10944K, committed 11136K, reserved 1058816K
  class space    used 1302K, capacity 1368K, committed 1408K, reserved 1048576K
}
Event: 14.991 GC heap before
{Heap before GC invocations=23 (full 5):
 PSYoungGen      total 346624K, used 189408K [0x00000000d7000000, 0x00000000fae00000, 0x0000000100000000)
  eden space 122880K, 100% used [0x00000000d7000000,0x00000000de800000,0x00000000de800000)
  from space 223744K, 29% used [0x00000000de800000,0x00000000e28f8000,0x00000000ec280000)
  to   space 223744K, 0% used [0x00000000ed380000,0x00000000ed380000,0x00000000fae00000)
 ParOldGen       total 1095680K, used 875564K [0x0000000085000000, 0x00000000c7e00000, 0x00000000d7000000)
  object space 1095680K, 79% used [0x0000000085000000,0x00000000ba70b3e8,0x00000000c7e00000)
 Metaspace       used 10746K, capacity 10944K, committed 11136K, reserved 1058816K
  class space    used 1303K, capacity 1368K, committed 1408K, reserved 1048576K
Event: 15.094 GC heap after
Heap after GC invocations=23 (full 5):
 PSYoungGen      total 364032K, used 64896K [0x00000000d7000000, 0x00000000fae80000, 0x0000000100000000)
  eden space 140288K, 0% used [0x00000000d7000000,0x00000000d7000000,0x00000000df900000)
  from space 223744K, 29% used [0x00000000ed380000,0x00000000f12e0000,0x00000000fae00000)
  to   space 223744K, 0% used [0x00000000df900000,0x00000000df900000,0x00000000ed380000)
 ParOldGen       total 1095680K, used 942188K [0x0000000085000000, 0x00000000c7e00000, 0x00000000d7000000)
  object space 1095680K, 85% used [0x0000000085000000,0x00000000be81b3e8,0x00000000c7e00000)
 Metaspace       used 10746K, capacity 10944K, committed 11136K, reserved 1058816K
  class space    used 1303K, capacity 1368K, committed 1408K, reserved 1048576K
}
Event: 15.265 GC heap before
{Heap before GC invocations=24 (full 5):
 PSYoungGen      total 364032K, used 205184K [0x00000000d7000000, 0x00000000fae80000, 0x0000000100000000)
  eden space 140288K, 100% used [0x00000000d7000000,0x00000000df900000,0x00000000df900000)
  from space 223744K, 29% used [0x00000000ed380000,0x00000000f12e0000,0x00000000fae00000)
  to   space 223744K, 0% used [0x00000000df900000,0x00000000df900000,0x00000000ed380000)
 ParOldGen       total 1095680K, used 942188K [0x0000000085000000, 0x00000000c7e00000, 0x00000000d7000000)
  object space 1095680K, 85% used [0x0000000085000000,0x00000000be81b3e8,0x00000000c7e00000)
 Metaspace       used 10746K, capacity 10944K, committed 11136K, reserved 1058816K
  class space    used 1303K, capacity 1368K, committed 1408K, reserved 1048576K
Event: 15.371 GC heap after
Heap after GC invocations=24 (full 5):
 PSYoungGen      total 364032K, used 74656K [0x00000000d7000000, 0x00000000fc280000, 0x0000000100000000)
  eden space 140288K, 0% used [0x00000000d7000000,0x00000000d7000000,0x00000000df900000)
  from space 223744K, 33% used [0x00000000df900000,0x00000000e41e8000,0x00000000ed380000)
  to   space 223744K, 0% used [0x00000000ee800000,0x00000000ee800000,0x00000000fc280000)
 ParOldGen       total 1095680K, used 1007148K [0x0000000085000000, 0x00000000c7e00000, 0x00000000d7000000)
  object space 1095680K, 91% used [0x0000000085000000,0x00000000c278b3e8,0x00000000c7e00000)
 Metaspace       used 10746K, capacity 10944K, committed 11136K, reserved 1058816K
  class space    used 1303K, capacity 1368K, committed 1408K, reserved 1048576K
}
Event: 15.371 GC heap before
{Heap before GC invocations=25 (full 6):
 PSYoungGen      total 364032K, used 74656K [0x00000000d7000000, 0x00000000fc280000, 0x0000000100000000)
  eden space 140288K, 0% used [0x00000000d7000000,0x00000000d7000000,0x00000000df900000)
  from space 223744K, 33% used [0x00000000df900000,0x00000000e41e8000,0x00000000ed380000)
  to   space 223744K, 0% used [0x00000000ee800000,0x00000000ee800000,0x00000000fc280000)
 ParOldGen       total 1095680K, used 1007148K [0x0000000085000000, 0x00000000c7e00000, 0x00000000d7000000)
  object space 1095680K, 91% used [0x0000000085000000,0x00000000c278b3e8,0x00000000c7e00000)
 Metaspace       used 10746K, capacity 10944K, committed 11136K, reserved 1058816K
  class space    used 1303K, capacity 1368K, committed 1408K, reserved 1048576K

Deoptimization events (10 events):
Event: 14.231 Thread 0x00007f37f06a7800 Uncommon trap: reason=unstable_if action=reinterpret pc=0x00007f37e13f34b0 method=io.netty.channel.ChannelOutboundBuffer.isEmpty()Z @ 4
Event: 14.232 Thread 0x00007f37f06a7800 Uncommon trap: reason=unstable_if action=reinterpret pc=0x00007f37e131f1dc method=io.netty.util.concurrent.SingleThreadEventExecutor.execute(Ljava/lang/Runnable;)V @ 20
Event: 14.232 Thread 0x00007f37f06a7800 Uncommon trap: reason=class_check action=maybe_recompile pc=0x00007f37e1333a5c method=io.netty.util.internal.MpscLinkedQueue.offer(Ljava/lang/Object;)Z @ 15
Event: 14.232 Thread 0x00007f37f06a7800 Uncommon trap: reason=unstable_if action=reinterpret pc=0x00007f37e13347b8 method=io.netty.channel.nio.NioEventLoop.wakeup(Z)V @ 1
Event: 14.232 Thread 0x00007f37f000b000 Uncommon trap: reason=class_check action=maybe_recompile pc=0x00007f37e1355d20 method=io.netty.util.internal.MpscLinkedQueueTailRef.getAndSetTailRef(Lio/netty/util/internal/MpscLinkedQueueNode;)Lio/netty/util/internal/MpscLinkedQueueNode; @ 8
Event: 14.232 Thread 0x00007f37f06a7800 Uncommon trap: reason=unstable_if action=reinterpret pc=0x00007f37e145768c method=io.netty.channel.AbstractChannel$AbstractUnsafe.write(Ljava/lang/Object;Lio/netty/channel/ChannelPromise;)V @ 6
Event: 14.232 Thread 0x00007f37f06a7800 Uncommon trap: reason=unstable_if action=reinterpret pc=0x00007f37e1478b48 method=io.netty.channel.AbstractChannel$AbstractUnsafe.flush()V @ 6
Event: 14.232 Thread 0x00007f37f06a7800 Uncommon trap: reason=unstable_if action=reinterpret pc=0x00007f37e147bb38 method=io.netty.channel.AbstractChannel$AbstractUnsafe.flush()V @ 6
Event: 14.232 Thread 0x00007f37f06a7800 Uncommon trap: reason=unstable_if action=reinterpret pc=0x00007f37e147295c method=io.netty.channel.AbstractChannel$AbstractUnsafe.flush()V @ 6
Event: 14.232 Thread 0x00007f37f06a7800 Uncommon trap: reason=unstable_if action=reinterpret pc=0x00007f37e1484a00 method=io.netty.channel.AbstractChannel$AbstractUnsafe.flush()V @ 6

Internal exceptions (10 events):
Event: 0.789 Thread 0x00007f37f000b000 Exception <a 'java/lang/NoSuchFieldError': method resolution failed> (0x00000000d83c3e70) thrown at [/HUDSON/workspace/8-2-build-linux-amd64/jdk8u66/4988/hotspot/src/share/vm/prims/methodHandles.cpp, line 1146]
Event: 0.790 Thread 0x00007f37f000b000 Exception <a 'java/lang/NoSuchFieldError': method resolution failed> (0x00000000d83d1560) thrown at [/HUDSON/workspace/8-2-build-linux-amd64/jdk8u66/4988/hotspot/src/share/vm/prims/methodHandles.cpp, line 1146]
Event: 0.837 Thread 0x00007f37f06a7800 Exception <a 'java/lang/NoClassDefFoundError': org/antlr/v4/runtime/CharStream> (0x00000000d86c4068) thrown at [/HUDSON/workspace/8-2-build-linux-amd64/jdk8u66/4988/hotspot/src/share/vm/classfile/systemDictionary.cpp, line 199]
Event: 1.099 Thread 0x00007f37f06a7800 Implicit null exception at 0x00007f37e131d575 to 0x00007f37e131dd79
Event: 4.385 Thread 0x00007f37f06a7800 Implicit null exception at 0x00007f37e13102fc to 0x00007f37e1310705
Event: 14.231 Thread 0x00007f37f06a7800 Exception <a 'java/io/IOException'> (0x00000000d71d74b8) thrown at [/HUDSON/workspace/8-2-build-linux-amd64/jdk8u66/4988/hotspot/src/share/vm/prims/jni.cpp, line 709]
Event: 14.232 Thread 0x00007f37f06a7800 Implicit null exception at 0x00007f37e14780b0 to 0x00007f37e1478b25
Event: 14.232 Thread 0x00007f37f06a7800 Implicit null exception at 0x00007f37e147b29c to 0x00007f37e147bb1d
Event: 14.232 Thread 0x00007f37f06a7800 Implicit null exception at 0x00007f37e1471dc2 to 0x00007f37e1472939
Event: 14.232 Thread 0x00007f37f06a7800 Implicit null exception at 0x00007f37e1483eac to 0x00007f37e14849dd

Events (10 events):
Event: 14.232 Thread 0x00007f37f06a7800 DEOPT UNPACKING pc=0x00007f37e1005229 sp=0x00007f37c8658390 mode 2
Event: 14.359 Executing VM operation: ParallelGCFailedAllocation
Event: 14.588 Executing VM operation: ParallelGCFailedAllocation done
Event: 14.741 Executing VM operation: ParallelGCFailedAllocation
Event: 14.838 Executing VM operation: ParallelGCFailedAllocation done
Event: 14.957 loading class org/slf4j/Marker
Event: 14.957 loading class org/slf4j/Marker done
Event: 14.990 Executing VM operation: ParallelGCFailedAllocation
Event: 15.094 Executing VM operation: ParallelGCFailedAllocation done
Event: 15.265 Executing VM operation: ParallelGCFailedAllocation


Dynamic libraries:
00400000-00401000 r-xp 00000000 08:01 4333032                            /usr/lib/jvm/java-8-oracle/bin/java
00600000-00601000 rw-p 00000000 08:01 4333032                            /usr/lib/jvm/java-8-oracle/bin/java
00a31000-00a52000 rw-p 00000000 00:00 0                                  [heap]
85000000-c7e00000 rw-p 00000000 00:00 0 
c7e00000-d7000000 ---p 00000000 00:00 0 
d7000000-fc280000 rw-p 00000000 00:00 0 
fc280000-100000000 ---p 00000000 00:00 0 
100000000-100160000 rw-p 00000000 00:00 0 
100160000-140000000 ---p 00000000 00:00 0 
7f377c000000-7f377c039000 rw-p 00000000 00:00 0 
7f377c039000-7f3780000000 ---p 00000000 00:00 0 
7f3784000000-7f3784021000 rw-p 00000000 00:00 0 
7f3784021000-7f3788000000 ---p 00000000 00:00 0 
7f3788000000-7f3788048000 rw-p 00000000 00:00 0 
7f3788048000-7f378c000000 ---p 00000000 00:00 0 
7f378c000000-7f378c351000 rw-p 00000000 00:00 0 
7f378c351000-7f3790000000 ---p 00000000 00:00 0 
7f3790000000-7f3790021000 rw-p 00000000 00:00 0 
7f3790021000-7f3794000000 ---p 00000000 00:00 0 
7f3794000000-7f37946cb000 rw-p 00000000 00:00 0 
7f37946cb000-7f3798000000 ---p 00000000 00:00 0 
7f3798000000-7f37986a9000 rw-p 00000000 00:00 0 
7f37986a9000-7f379c000000 ---p 00000000 00:00 0 
7f379c000000-7f379c021000 rw-p 00000000 00:00 0 
7f379c021000-7f37a0000000 ---p 00000000 00:00 0 
7f37a0000000-7f37a05c0000 rw-p 00000000 00:00 0 
7f37a05c0000-7f37a4000000 ---p 00000000 00:00 0 
7f37a4000000-7f37a4021000 rw-p 00000000 00:00 0 
7f37a4021000-7f37a8000000 ---p 00000000 00:00 0 
7f37a8000000-7f37a8021000 rw-p 00000000 00:00 0 
7f37a8021000-7f37ac000000 ---p 00000000 00:00 0 
7f37ac000000-7f37ac021000 rw-p 00000000 00:00 0 
7f37ac021000-7f37b0000000 ---p 00000000 00:00 0 
7f37b0000000-7f37b0021000 rw-p 00000000 00:00 0 
7f37b0021000-7f37b4000000 ---p 00000000 00:00 0 
7f37b4000000-7f37b4021000 rw-p 00000000 00:00 0 
7f37b4021000-7f37b8000000 ---p 00000000 00:00 0 
7f37bc000000-7f37bc021000 rw-p 00000000 00:00 0 
7f37bc021000-7f37c0000000 ---p 00000000 00:00 0 
7f37c4000000-7f37c4021000 rw-p 00000000 00:00 0 
7f37c4021000-7f37c8000000 ---p 00000000 00:00 0 
7f37c8354000-7f37c84d4000 rw-p 00000000 00:00 0 
7f37c84d4000-7f37c8554000 ---p 00000000 00:00 0 
7f37c8554000-7f37c8559000 r--s 00096000 08:01 4602901                    /usr/lib/jvm/java-8-oracle/jre/lib/jsse.jar
7f37c8559000-7f37c855c000 ---p 00000000 00:00 0 
7f37c855c000-7f37c865a000 rw-p 00000000 00:00 0                          [stack:15929]
7f37c865a000-7f37c866b000 r-xp 00000000 08:01 4602966                    /usr/lib/jvm/java-8-oracle/jre/lib/amd64/libnio.so
7f37c866b000-7f37c886a000 ---p 00011000 08:01 4602966                    /usr/lib/jvm/java-8-oracle/jre/lib/amd64/libnio.so
7f37c886a000-7f37c886b000 rw-p 00010000 08:01 4602966                    /usr/lib/jvm/java-8-oracle/jre/lib/amd64/libnio.so
7f37c886b000-7f37c8b6c000 rw-p 00000000 00:00 0 
7f37c8b6c000-7f37c8b82000 r-xp 00000000 08:01 4602963                    /usr/lib/jvm/java-8-oracle/jre/lib/amd64/libnet.so
7f37c8b82000-7f37c8d82000 ---p 00016000 08:01 4602963                    /usr/lib/jvm/java-8-oracle/jre/lib/amd64/libnet.so
7f37c8d82000-7f37c8d83000 rw-p 00016000 08:01 4602963                    /usr/lib/jvm/java-8-oracle/jre/lib/amd64/libnet.so
7f37c8d83000-7f37c8d86000 ---p 00000000 00:00 0 
7f37c8d86000-7f37c8e84000 rw-p 00000000 00:00 0                          [stack:15926]
7f37c8e84000-7f37c8e85000 r-xp 00000000 08:03 10094839                   /home/minudika/Softwares/idea-IC-143.381.42/bin/libbreakgen64.so
7f37c8e85000-7f37c9084000 ---p 00001000 08:03 10094839                   /home/minudika/Softwares/idea-IC-143.381.42/bin/libbreakgen64.so
7f37c9084000-7f37c9085000 r--p 00000000 08:03 10094839                   /home/minudika/Softwares/idea-IC-143.381.42/bin/libbreakgen64.so
7f37c9085000-7f37c9086000 rw-p 00001000 08:03 10094839                   /home/minudika/Softwares/idea-IC-143.381.42/bin/libbreakgen64.so
7f37c9086000-7f37c9088000 r--s 0001e000 08:03 10094759                   /home/minudika/Softwares/idea-IC-143.381.42/lib/idea_rt.jar
7f37c9088000-7f37c908a000 r--s 00010000 08:03 10096467                   /home/minudika/Private/codes/SiddhiNIO/lib/disruptor-3.2.1.wso2v1.jar
7f37c908a000-7f37c9093000 r--s 0006f000 08:03 10096543                   /home/minudika/Private/codes/SiddhiNIO/lib/log4j-1.2.17.jar
7f37c9093000-7f37c90b0000 r--s 0018d000 08:03 13633746                   /home/minudika/.m2/repository/io/netty/wso2/netty-all/4.0.23.wso2v1/netty-all-4.0.23.wso2v1.jar
7f37c90b0000-7f37c90d2000 r--s 001db000 08:03 19400603                   /home/minudika/.m2/repository/io/netty/netty-all/4.0.31.Final/netty-all-4.0.31.Final.jar
7f37c90d2000-7f37c90d4000 r--s 00009000 08:03 9699791                    /home/minudika/.m2/repository/commons-cli/commons-cli/1.2/commons-cli-1.2.jar
7f37c90d4000-7f37c90d8000 r--s 0002a000 08:03 9831322                    /home/minudika/.m2/repository/commons-io/commons-io/2.4/commons-io-2.4.jar
7f37c90d8000-7f37c90e3000 r--s 00065000 08:03 15601393                   /home/minudika/.m2/repository/ch/qos/logback/logback-core/1.1.3/logback-core-1.1.3.jar
7f37c90e3000-7f37c90e9000 r--s 0003f000 08:03 14684372                   /home/minudika/.m2/repository/ch/qos/logback/logback-classic/1.1.3/logback-classic-1.1.3.jar
7f37c90e9000-7f37c90ec000 r--s 00006000 08:03 9831362                    /home/minudika/.m2/repository/com/google/code/findbugs/jsr305/1.3.9/jsr305-1.3.9.jar
7f37c90ec000-7f37c90ee000 r--s 0000f000 08:03 11013188                   /home/minudika/.m2/repository/javax/activation/activation/1.1.1/activation-1.1.1.jar
7f37c90ee000-7f37c90f5000 r--s 00072000 08:03 12583666                   /home/minudika/.m2/repository/javax/mail/mail/1.4.4/mail-1.4.4.jar
7f37c90f5000-7f37c90f8000 r--s 00013000 08:03 13241648                   /home/minudika/.m2/repository/org/subethamail/subethasmtp/3.1.7/subethasmtp-3.1.7.jar
7f37c90f8000-7f37c911a000 r--s 001a2000 08:03 12980576                   /home/minudika/.m2/repository/com/github/tntim96/fakesmtp/2.0/fakesmtp-2.0.jar
7f37c911a000-7f37c9160000 r--s 00391000 08:03 12848604                   /home/minudika/.m2/repository/com/android/tools/build/builder/0.3/builder-0.3.jar
7f37c9160000-7f37c9165000 r--s 00031000 08:03 12456298                   /home/minudika/.m2/repository/org/wso2/siddhi/siddhi-query-compiler/3.0.5-SNAPSHOT/siddhi-query-compiler-3.0.5-SNAPSHOT.jar
7f37c9165000-7f37c9176000 r--s 0008c000 08:03 12456297                   /home/minudika/.m2/repository/org/wso2/siddhi/siddhi-core/3.0.5-SNAPSHOT/siddhi-core-3.0.5-SNAPSHOT.jar
7f37c9176000-7f37c9188000 r--s 00345000 08:01 4602887                    /usr/lib/jvm/java-8-oracle/jre/lib/resources.jar
7f37c9188000-7f37c919b000 r--s 000d5000 08:01 4602793                    /usr/lib/jvm/java-8-oracle/jre/lib/plugin.jar
7f37c919b000-7f37c919c000 ---p 00000000 00:00 0 
7f37c919c000-7f37c929c000 rw-p 00000000 00:00 0                          [stack:15925]
7f37c929c000-7f37c929f000 ---p 00000000 00:00 0 
7f37c929f000-7f37c939d000 rw-p 00000000 00:00 0                          [stack:15924]
7f37c939d000-7f37c93a0000 ---p 00000000 00:00 0 
7f37c93a0000-7f37c949e000 rw-p 00000000 00:00 0                          [stack:15923]
7f37c949e000-7f37c94a1000 ---p 00000000 00:00 0 
7f37c94a1000-7f37c959f000 rw-p 00000000 00:00 0                          [stack:15922]
7f37c959f000-7f37c95a2000 ---p 00000000 00:00 0 
7f37c95a2000-7f37c96a0000 rw-p 00000000 00:00 0                          [stack:15921]
7f37c96a0000-7f37c96a3000 ---p 00000000 00:00 0 
7f37c96a3000-7f37c97a1000 rw-p 00000000 00:00 0                          [stack:15919]
7f37c97a1000-7f37c97a4000 ---p 00000000 00:00 0 
7f37c97a4000-7f37c98a2000 rw-p 00000000 00:00 0                          [stack:15918]
7f37c98a2000-7f37c9f85000 r--p 00000000 08:01 4071227                    /usr/lib/locale/locale-archive
7f37c9f85000-7f37c9f88000 ---p 00000000 00:00 0 
7f37c9f88000-7f37ca086000 rw-p 00000000 00:00 0                          [stack:15908]
7f37ca086000-7f37ca089000 ---p 00000000 00:00 0 
7f37ca089000-7f37ca187000 rw-p 00000000 00:00 0                          [stack:15907]
7f37ca187000-7f37ca188000 ---p 00000000 00:00 0 
7f37ca188000-7f37cc000000 rw-p 00000000 00:00 0                          [stack:15906]
7f37cc000000-7f37cc021000 rw-p 00000000 00:00 0 
7f37cc021000-7f37d0000000 ---p 00000000 00:00 0 
7f37d0000000-7f37d028f000 rw-p 00000000 00:00 0 
7f37d028f000-7f37d4000000 ---p 00000000 00:00 0 
7f37d4000000-7f37d4021000 rw-p 00000000 00:00 0 
7f37d4021000-7f37d8000000 ---p 00000000 00:00 0 
7f37d8000000-7f37d801b000 r--s 001fe000 08:01 4602769                    /usr/lib/jvm/java-8-oracle/jre/lib/deploy.jar
7f37d801b000-7f37dc000000 rw-p 00000000 00:00 0 
7f37dc000000-7f37dc021000 rw-p 00000000 00:00 0 
7f37dc021000-7f37e0000000 ---p 00000000 00:00 0 
7f37e0000000-7f37e0001000 rw-p 00000000 00:00 0 
7f37e0001000-7f37e0003000 r--s 00011000 08:03 13241647                   /home/minudika/.m2/repository/com/miglayout/miglayout-core/5.0/miglayout-core-5.0.jar
7f37e0003000-7f37e0449000 rw-p 00000000 00:00 0 
7f37e0449000-7f37e0622000 r--s 03d20000 08:01 4602851                    /usr/lib/jvm/java-8-oracle/jre/lib/rt.jar
7f37e0622000-7f37e09fa000 rw-p 00000000 00:00 0 
7f37e09fa000-7f37e09fb000 ---p 00000000 00:00 0 
7f37e09fb000-7f37e0afb000 rw-p 00000000 00:00 0                          [stack:15895]
7f37e0afb000-7f37e0afc000 ---p 00000000 00:00 0 
7f37e0afc000-7f37e0bfc000 rw-p 00000000 00:00 0                          [stack:15894]
7f37e0bfc000-7f37e0bfd000 ---p 00000000 00:00 0 
7f37e0bfd000-7f37e0cfd000 rw-p 00000000 00:00 0                          [stack:15893]
7f37e0cfd000-7f37e0cfe000 ---p 00000000 00:00 0 
7f37e0cfe000-7f37e0dfe000 rw-p 00000000 00:00 0                          [stack:15892]
7f37e0dfe000-7f37e0dff000 ---p 00000000 00:00 0 
7f37e0dff000-7f37e0eff000 rw-p 00000000 00:00 0                          [stack:15891]
7f37e0eff000-7f37e0f00000 ---p 00000000 00:00 0 
7f37e0f00000-7f37e1000000 rw-p 00000000 00:00 0                          [stack:15890]
7f37e1000000-7f37e14f0000 rwxp 00000000 00:00 0 
7f37e14f0000-7f37f0000000 ---p 00000000 00:00 0 
7f37f0000000-7f37f06ac000 rw-p 00000000 00:00 0 
7f37f06ac000-7f37f4000000 ---p 00000000 00:00 0 
7f37f4000000-7f37f4001000 r--s 00002000 08:03 13374456                   /home/minudika/.m2/repository/com/apple/AppleJavaExtensions/1.4/AppleJavaExtensions-1.4.jar
7f37f4001000-7f37f4005000 r--s 00018000 08:03 12456296                   /home/minudika/.m2/repository/org/wso2/siddhi/siddhi-query-api/3.0.5-SNAPSHOT/siddhi-query-api-3.0.5-SNAPSHOT.jar
7f37f4005000-7f37f40ca000 rw-p 00000000 00:00 0 
7f37f40ca000-7f37f40cb000 ---p 00000000 00:00 0 
7f37f40cb000-7f37f41cb000 rw-p 00000000 00:00 0                          [stack:15889]
7f37f41cb000-7f37f41cc000 ---p 00000000 00:00 0 
7f37f41cc000-7f37f44e3000 rw-p 00000000 00:00 0                          [stack:15888]
7f37f44e3000-7f37f455c000 ---p 00000000 00:00 0 
7f37f455c000-7f37f4773000 rw-p 00000000 00:00 0 
7f37f4773000-7f37f47ec000 ---p 00000000 00:00 0 
7f37f47ec000-7f37f4916000 rw-p 00000000 00:00 0 
7f37f4916000-7f37f4934000 ---p 00000000 00:00 0 
7f37f4934000-7f37f4949000 rw-p 00000000 00:00 0 
7f37f4949000-7f37f4cf5000 ---p 00000000 00:00 0 
7f37f4cf5000-7f37f4d0f000 r-xp 00000000 08:01 4602959                    /usr/lib/jvm/java-8-oracle/jre/lib/amd64/libzip.so
7f37f4d0f000-7f37f4f0f000 ---p 0001a000 08:01 4602959                    /usr/lib/jvm/java-8-oracle/jre/lib/amd64/libzip.so
7f37f4f0f000-7f37f4f10000 rw-p 0001a000 08:01 4602959                    /usr/lib/jvm/java-8-oracle/jre/lib/amd64/libzip.so
7f37f4f10000-7f37f4f1c000 r-xp 00000000 08:01 2626162                    /lib/x86_64-linux-gnu/libnss_files-2.21.so
7f37f4f1c000-7f37f511b000 ---p 0000c000 08:01 2626162                    /lib/x86_64-linux-gnu/libnss_files-2.21.so
7f37f511b000-7f37f511c000 r--p 0000b000 08:01 2626162                    /lib/x86_64-linux-gnu/libnss_files-2.21.so
7f37f511c000-7f37f511d000 rw-p 0000c000 08:01 2626162                    /lib/x86_64-linux-gnu/libnss_files-2.21.so
7f37f511d000-7f37f5128000 r-xp 00000000 08:01 2626172                    /lib/x86_64-linux-gnu/libnss_nis-2.21.so
7f37f5128000-7f37f5327000 ---p 0000b000 08:01 2626172                    /lib/x86_64-linux-gnu/libnss_nis-2.21.so
7f37f5327000-7f37f5328000 r--p 0000a000 08:01 2626172                    /lib/x86_64-linux-gnu/libnss_nis-2.21.so
7f37f5328000-7f37f5329000 rw-p 0000b000 08:01 2626172                    /lib/x86_64-linux-gnu/libnss_nis-2.21.so
7f37f5329000-7f37f5340000 r-xp 00000000 08:01 2626156                    /lib/x86_64-linux-gnu/libnsl-2.21.so
7f37f5340000-7f37f553f000 ---p 00017000 08:01 2626156                    /lib/x86_64-linux-gnu/libnsl-2.21.so
7f37f553f000-7f37f5540000 r--p 00016000 08:01 2626156                    /lib/x86_64-linux-gnu/libnsl-2.21.so
7f37f5540000-7f37f5541000 rw-p 00017000 08:01 2626156                    /lib/x86_64-linux-gnu/libnsl-2.21.so
7f37f5541000-7f37f5543000 rw-p 00000000 00:00 0 
7f37f5543000-7f37f554b000 r-xp 00000000 08:01 2626158                    /lib/x86_64-linux-gnu/libnss_compat-2.21.so
7f37f554b000-7f37f574a000 ---p 00008000 08:01 2626158                    /lib/x86_64-linux-gnu/libnss_compat-2.21.so
7f37f574a000-7f37f574b000 r--p 00007000 08:01 2626158                    /lib/x86_64-linux-gnu/libnss_compat-2.21.so
7f37f574b000-7f37f574c000 rw-p 00008000 08:01 2626158                    /lib/x86_64-linux-gnu/libnss_compat-2.21.so
7f37f574c000-7f37f5776000 r-xp 00000000 08:01 4602954                    /usr/lib/jvm/java-8-oracle/jre/lib/amd64/libjava.so
7f37f5776000-7f37f5976000 ---p 0002a000 08:01 4602954                    /usr/lib/jvm/java-8-oracle/jre/lib/amd64/libjava.so
7f37f5976000-7f37f5978000 rw-p 0002a000 08:01 4602954                    /usr/lib/jvm/java-8-oracle/jre/lib/amd64/libjava.so
7f37f5978000-7f37f5985000 r-xp 00000000 08:01 4602958                    /usr/lib/jvm/java-8-oracle/jre/lib/amd64/libverify.so
7f37f5985000-7f37f5b85000 ---p 0000d000 08:01 4602958                    /usr/lib/jvm/java-8-oracle/jre/lib/amd64/libverify.so
7f37f5b85000-7f37f5b87000 rw-p 0000d000 08:01 4602958                    /usr/lib/jvm/java-8-oracle/jre/lib/amd64/libverify.so
7f37f5b87000-7f37f5b8e000 r-xp 00000000 08:01 2626217                    /lib/x86_64-linux-gnu/librt-2.21.so
7f37f5b8e000-7f37f5d8d000 ---p 00007000 08:01 2626217                    /lib/x86_64-linux-gnu/librt-2.21.so
7f37f5d8d000-7f37f5d8e000 r--p 00006000 08:01 2626217                    /lib/x86_64-linux-gnu/librt-2.21.so
7f37f5d8e000-7f37f5d8f000 rw-p 00007000 08:01 2626217                    /lib/x86_64-linux-gnu/librt-2.21.so
7f37f5d8f000-7f37f5e96000 r-xp 00000000 08:01 2626135                    /lib/x86_64-linux-gnu/libm-2.21.so
7f37f5e96000-7f37f6095000 ---p 00107000 08:01 2626135                    /lib/x86_64-linux-gnu/libm-2.21.so
7f37f6095000-7f37f6096000 r--p 00106000 08:01 2626135                    /lib/x86_64-linux-gnu/libm-2.21.so
7f37f6096000-7f37f6097000 rw-p 00107000 08:01 2626135                    /lib/x86_64-linux-gnu/libm-2.21.so
7f37f6097000-7f37f6d55000 r-xp 00000000 08:01 4722271                    /usr/lib/jvm/java-8-oracle/jre/lib/amd64/server/libjvm.so
7f37f6d55000-7f37f6f54000 ---p 00cbe000 08:01 4722271                    /usr/lib/jvm/java-8-oracle/jre/lib/amd64/server/libjvm.so
7f37f6f54000-7f37f702d000 rw-p 00cbd000 08:01 4722271                    /usr/lib/jvm/java-8-oracle/jre/lib/amd64/server/libjvm.so
7f37f702d000-7f37f7071000 rw-p 00000000 00:00 0 
7f37f7071000-7f37f7231000 r-xp 00000000 08:01 2626073                    /lib/x86_64-linux-gnu/libc-2.21.so
7f37f7231000-7f37f7431000 ---p 001c0000 08:01 2626073                    /lib/x86_64-linux-gnu/libc-2.21.so
7f37f7431000-7f37f7435000 r--p 001c0000 08:01 2626073                    /lib/x86_64-linux-gnu/libc-2.21.so
7f37f7435000-7f37f7437000 rw-p 001c4000 08:01 2626073                    /lib/x86_64-linux-gnu/libc-2.21.so
7f37f7437000-7f37f743b000 rw-p 00000000 00:00 0 
7f37f743b000-7f37f743e000 r-xp 00000000 08:01 2626092                    /lib/x86_64-linux-gnu/libdl-2.21.so
7f37f743e000-7f37f763d000 ---p 00003000 08:01 2626092                    /lib/x86_64-linux-gnu/libdl-2.21.so
7f37f763d000-7f37f763e000 r--p 00002000 08:01 2626092                    /lib/x86_64-linux-gnu/libdl-2.21.so
7f37f763e000-7f37f763f000 rw-p 00003000 08:01 2626092                    /lib/x86_64-linux-gnu/libdl-2.21.so
7f37f763f000-7f37f7654000 r-xp 00000000 08:01 4464784                    /usr/lib/jvm/java-8-oracle/lib/amd64/jli/libjli.so
7f37f7654000-7f37f7854000 ---p 00015000 08:01 4464784                    /usr/lib/jvm/java-8-oracle/lib/amd64/jli/libjli.so
7f37f7854000-7f37f7855000 rw-p 00015000 08:01 4464784                    /usr/lib/jvm/java-8-oracle/lib/amd64/jli/libjli.so
7f37f7855000-7f37f786d000 r-xp 00000000 08:01 2626209                    /lib/x86_64-linux-gnu/libpthread-2.21.so
7f37f786d000-7f37f7a6d000 ---p 00018000 08:01 2626209                    /lib/x86_64-linux-gnu/libpthread-2.21.so
7f37f7a6d000-7f37f7a6e000 r--p 00018000 08:01 2626209                    /lib/x86_64-linux-gnu/libpthread-2.21.so
7f37f7a6e000-7f37f7a6f000 rw-p 00019000 08:01 2626209                    /lib/x86_64-linux-gnu/libpthread-2.21.so
7f37f7a6f000-7f37f7a73000 rw-p 00000000 00:00 0 
7f37f7a73000-7f37f7a97000 r-xp 00000000 08:01 2626045                    /lib/x86_64-linux-gnu/ld-2.21.so
7f37f7a97000-7f37f7a98000 r--s 00007000 08:03 9700558                    /home/minudika/.m2/repository/org/slf4j/slf4j-api/1.7.12/slf4j-api-1.7.12.jar
7f37f7a98000-7f37f7a9a000 r--s 00003000 08:03 13111527                   /home/minudika/.m2/repository/com/miglayout/miglayout-swing/5.0/miglayout-swing-5.0.jar
7f37f7a9a000-7f37f7a9f000 r--s 00096000 08:01 4602901                    /usr/lib/jvm/java-8-oracle/jre/lib/jsse.jar
7f37f7a9f000-7f37f7aa1000 r--s 00007000 08:01 4602981                    /usr/lib/jvm/java-8-oracle/jre/lib/jfxswt.jar
7f37f7aa1000-7f37f7aa6000 r--s 00083000 08:01 4602768                    /usr/lib/jvm/java-8-oracle/jre/lib/jfr.jar
7f37f7aa6000-7f37f7b71000 rw-p 00000000 00:00 0 
7f37f7b71000-7f37f7b74000 ---p 00000000 00:00 0 
7f37f7b74000-7f37f7c76000 rw-p 00000000 00:00 0                          [stack:15887]
7f37f7c76000-7f37f7c77000 r--s 00000000 08:01 4602775                    /usr/lib/jvm/java-8-oracle/jre/lib/management-agent.jar
7f37f7c77000-7f37f7c7a000 r--s 0001a000 08:01 4602979                    /usr/lib/jvm/java-8-oracle/jre/lib/jce.jar
7f37f7c7a000-7f37f7c84000 r--s 0006b000 08:01 4602778                    /usr/lib/jvm/java-8-oracle/jre/lib/javaws.jar
7f37f7c84000-7f37f7c8a000 r--s 002f8000 08:01 4602849                    /usr/lib/jvm/java-8-oracle/jre/lib/charsets.jar
7f37f7c8a000-7f37f7c92000 rw-s 00000000 08:01 1445577                    /tmp/hsperfdata_minudika/15886
7f37f7c92000-7f37f7c93000 rw-p 00000000 00:00 0 
7f37f7c93000-7f37f7c94000 ---p 00000000 00:00 0 
7f37f7c94000-7f37f7c96000 rw-p 00000000 00:00 0 
7f37f7c96000-7f37f7c97000 r--p 00023000 08:01 2626045                    /lib/x86_64-linux-gnu/ld-2.21.so
7f37f7c97000-7f37f7c98000 rw-p 00024000 08:01 2626045                    /lib/x86_64-linux-gnu/ld-2.21.so
7f37f7c98000-7f37f7c99000 rw-p 00000000 00:00 0 
7ffea8c30000-7ffea8c52000 rw-p 00000000 00:00 0                          [stack]
7ffea8d73000-7ffea8d75000 r--p 00000000 00:00 0                          [vvar]
7ffea8d75000-7ffea8d77000 r-xp 00000000 00:00 0                          [vdso]
ffffffffff600000-ffffffffff601000 r-xp 00000000 00:00 0                  [vsyscall]

VM Arguments:
jvm_args: -Didea.launcher.port=7535 -Didea.launcher.bin.path=/home/minudika/Softwares/idea-IC-143.381.42/bin -Dfile.encoding=UTF-8 
java_command: com.intellij.rt.execution.application.AppMain TelnetClient
java_class_path (initial): /usr/lib/jvm/java-8-oracle/jre/lib/charsets.jar:/usr/lib/jvm/java-8-oracle/jre/lib/deploy.jar:/usr/lib/jvm/java-8-oracle/jre/lib/ext/cldrdata.jar:/usr/lib/jvm/java-8-oracle/jre/lib/ext/dnsns.jar:/usr/lib/jvm/java-8-oracle/jre/lib/ext/jaccess.jar:/usr/lib/jvm/java-8-oracle/jre/lib/ext/jfxrt.jar:/usr/lib/jvm/java-8-oracle/jre/lib/ext/localedata.jar:/usr/lib/jvm/java-8-oracle/jre/lib/ext/nashorn.jar:/usr/lib/jvm/java-8-oracle/jre/lib/ext/sunec.jar:/usr/lib/jvm/java-8-oracle/jre/lib/ext/sunjce_provider.jar:/usr/lib/jvm/java-8-oracle/jre/lib/ext/sunpkcs11.jar:/usr/lib/jvm/java-8-oracle/jre/lib/ext/zipfs.jar:/usr/lib/jvm/java-8-oracle/jre/lib/javaws.jar:/usr/lib/jvm/java-8-oracle/jre/lib/jce.jar:/usr/lib/jvm/java-8-oracle/jre/lib/jfr.jar:/usr/lib/jvm/java-8-oracle/jre/lib/jfxswt.jar:/usr/lib/jvm/java-8-oracle/jre/lib/jsse.jar:/usr/lib/jvm/java-8-oracle/jre/lib/management-agent.jar:/usr/lib/jvm/java-8-oracle/jre/lib/plugin.jar:/usr/lib/jvm/java-8-oracle/jre/lib/resources.jar:/usr/lib/jvm/java-8-oracle/jre/lib/rt.jar:/home/minudika/Private/codes/SiddhiNIO/target/classes:/home/minudika/.m2/repository/org/wso2/siddhi/siddhi-query-api/3.0.5-SNAPSHOT/siddhi-query-api-3.0.5-SNAPSHOT.jar:/home/minudika/.m2/repository/org/wso2/siddhi/siddhi-core/3.0.5-SNAPSHOT/siddhi-core-3.0.5-SNAPSHOT.jar:/home/minudika/.m2/repository/org/wso2/siddhi/siddhi-query-compiler/3.0.5-SNAPSHOT/siddhi-query-compiler-3.0.5-SNAPSHOT.jar:/home/minudika/.m2/repository/com/android/tools/build/builder/0.3/builder-0.3.jar:/home/minudika/.m2/repository/com/github/tntim96/fakesmtp/2.0/fakesmtp-2.0.jar:/home/minudika/.m2/repository/com/miglayout/miglayout-swing/5.0/miglayout-swing-5.0.jar:/home/minudika/.m2/repository/com/miglayout/miglayout-core/5.0/miglayout-core-5.0.jar:/home/minudika/.m2/repository/org/subethamail/subethasmtp/3.1.7/subethasmtp-3.1.7.jar:/home/minudika/.m2/repository/javax/mail/mail/1.4.4/mail-1.4.4.jar:/home/minudika/.m2/repository/javax/activation/activation/1.1.
Launcher Type: SUN_STANDARD

Environment Variables:
JAVA_HOME=/usr/lib/jvm/java-8-oracle
PATH=/usr/local/sbin:/usr/local/bin:/usr/sbin:/usr/bin:/sbin:/bin:/usr/games:/usr/local/games:/home/minudika/Downloads/apache-maven-3.3.3/bin:/home/minudika/Softwares/idea-IC-143.381.42/bin
SHELL=/bin/bash
DISPLAY=:0

Signal Handlers:
SIGSEGV: [libjvm.so+0xaba2a0], sa_mask[0]=11111111011111111101111111111110, sa_flags=SA_RESTART|SA_SIGINFO
SIGBUS: [libjvm.so+0xaba2a0], sa_mask[0]=11111111011111111101111111111110, sa_flags=SA_RESTART|SA_SIGINFO
SIGFPE: [libjvm.so+0x917710], sa_mask[0]=11111111011111111101111111111110, sa_flags=SA_RESTART|SA_SIGINFO
SIGPIPE: [libjvm.so+0x917710], sa_mask[0]=11111111011111111101111111111110, sa_flags=SA_RESTART|SA_SIGINFO
SIGXFSZ: [libjvm.so+0x917710], sa_mask[0]=11111111011111111101111111111110, sa_flags=SA_RESTART|SA_SIGINFO
SIGILL: [libjvm.so+0x917710], sa_mask[0]=11111111011111111101111111111110, sa_flags=SA_RESTART|SA_SIGINFO
SIGUSR1: SIG_DFL, sa_mask[0]=00000000000000000000000000000000, sa_flags=none
SIGUSR2: [libjvm.so+0x918d40], sa_mask[0]=00100000000000000000000000000000, sa_flags=SA_RESTART|SA_SIGINFO
SIGHUP: [libjvm.so+0x91a140], sa_mask[0]=11111111011111111101111111111110, sa_flags=SA_RESTART|SA_SIGINFO
SIGINT: [libjvm.so+0x91a140], sa_mask[0]=11111111011111111101111111111110, sa_flags=SA_RESTART|SA_SIGINFO
SIGTERM: [libjvm.so+0x91a140], sa_mask[0]=11111111011111111101111111111110, sa_flags=SA_RESTART|SA_SIGINFO
SIGQUIT: [libjvm.so+0x91a140], sa_mask[0]=11111111011111111101111111111110, sa_flags=SA_RESTART|SA_SIGINFO


---------------  S Y S T E M  ---------------

OS:DISTRIB_ID=Ubuntu
DISTRIB_RELEASE=15.10
DISTRIB_CODENAME=wily
DISTRIB_DESCRIPTION="Ubuntu 15.10"

uname:Linux 4.2.0-17-generic #21-Ubuntu SMP Fri Oct 23 19:56:16 UTC 2015 x86_64
libc:glibc 2.21 NPTL 2.21 
rlimit: STACK 8192k, CORE 0k, NPROC 31330, NOFILE 65536, AS infinity
load average:2.53 1.23 1.13

/proc/meminfo:
MemTotal:        8055416 kB
MemFree:           63768 kB
MemAvailable:    1492492 kB
Buffers:          547812 kB
Cached:          1279408 kB
SwapCached:         5876 kB
Active:          6127100 kB
Inactive:        1609508 kB
Active(anon):    5318616 kB
Inactive(anon):  1010852 kB
Active(file):     808484 kB
Inactive(file):   598656 kB
Unevictable:         160 kB
Mlocked:             160 kB
SwapTotal:       3906556 kB
SwapFree:        3861648 kB
Dirty:               284 kB
Writeback:             0 kB
AnonPages:       5903832 kB
Mapped:           585788 kB
Shmem:            420088 kB
Slab:             114548 kB
SReclaimable:      63836 kB
SUnreclaim:        50712 kB
KernelStack:       16304 kB
PageTables:        66372 kB
NFS_Unstable:          0 kB
Bounce:                0 kB
WritebackTmp:          0 kB
CommitLimit:     7934264 kB
Committed_AS:   13224092 kB
VmallocTotal:   34359738367 kB
VmallocUsed:      383132 kB
VmallocChunk:   34358947836 kB
HardwareCorrupted:     0 kB
AnonHugePages:   2306048 kB
CmaTotal:              0 kB
CmaFree:               0 kB
HugePages_Total:       0
HugePages_Free:        0
HugePages_Rsvd:        0
HugePages_Surp:        0
Hugepagesize:       2048 kB
DirectMap4k:      208512 kB
DirectMap2M:     8060928 kB


CPU:total 8 (4 cores per cpu, 2 threads per core) family 6 model 42 stepping 7, cmov, cx8, fxsr, mmx, sse, sse2, sse3, ssse3, sse4.1, sse4.2, popcnt, avx, aes, clmul, ht, tsc, tscinvbit

/proc/cpuinfo:
processor	: 0
vendor_id	: GenuineIntel
cpu family	: 6
model		: 42
model name	: Intel(R) Core(TM) i7-2630QM CPU @ 2.00GHz
stepping	: 7
microcode	: 0x1b
cpu MHz		: 2600.000
cache size	: 6144 KB
physical id	: 0
siblings	: 8
core id		: 0
cpu cores	: 4
apicid		: 0
initial apicid	: 0
fpu		: yes
fpu_exception	: yes
cpuid level	: 13
wp		: yes
flags		: fpu vme de pse tsc msr pae mce cx8 apic sep mtrr pge mca cmov pat pse36 clflush dts acpi mmx fxsr sse sse2 ss ht tm pbe syscall nx rdtscp lm constant_tsc arch_perfmon pebs bts nopl xtopology nonstop_tsc aperfmperf eagerfpu pni pclmulqdq dtes64 monitor ds_cpl vmx est tm2 ssse3 cx16 xtpr pdcm pcid sse4_1 sse4_2 x2apic popcnt tsc_deadline_timer aes xsave avx lahf_lm ida arat epb pln pts dtherm tpr_shadow vnmi flexpriority ept vpid xsaveopt
bugs		:
bogomips	: 3987.13
clflush size	: 64
cache_alignment	: 64
address sizes	: 36 bits physical, 48 bits virtual
power management:

processor	: 1
vendor_id	: GenuineIntel
cpu family	: 6
model		: 42
model name	: Intel(R) Core(TM) i7-2630QM CPU @ 2.00GHz
stepping	: 7
microcode	: 0x1b
cpu MHz		: 2600.000
cache size	: 6144 KB
physical id	: 0
siblings	: 8
core id		: 0
cpu cores	: 4
apicid		: 1
initial apicid	: 1
fpu		: yes
fpu_exception	: yes
cpuid level	: 13
wp		: yes
flags		: fpu vme de pse tsc msr pae mce cx8 apic sep mtrr pge mca cmov pat pse36 clflush dts acpi mmx fxsr sse sse2 ss ht tm pbe syscall nx rdtscp lm constant_tsc arch_perfmon pebs bts nopl xtopology nonstop_tsc aperfmperf eagerfpu pni pclmulqdq dtes64 monitor ds_cpl vmx est tm2 ssse3 cx16 xtpr pdcm pcid sse4_1 sse4_2 x2apic popcnt tsc_deadline_timer aes xsave avx lahf_lm ida arat epb pln pts dtherm tpr_shadow vnmi flexpriority ept vpid xsaveopt
bugs		:
bogomips	: 3987.13
clflush size	: 64
cache_alignment	: 64
address sizes	: 36 bits physical, 48 bits virtual
power management:

processor	: 2
vendor_id	: GenuineIntel
cpu family	: 6
model		: 42
model name	: Intel(R) Core(TM) i7-2630QM CPU @ 2.00GHz
stepping	: 7
microcode	: 0x1b
cpu MHz		: 2599.921
cache size	: 6144 KB
physical id	: 0
siblings	: 8
core id		: 1
cpu cores	: 4
apicid		: 2
initial apicid	: 2
fpu		: yes
fpu_exception	: yes
cpuid level	: 13
wp		: yes
flags		: fpu vme de pse tsc msr pae mce cx8 apic sep mtrr pge mca cmov pat pse36 clflush dts acpi mmx fxsr sse sse2 ss ht tm pbe syscall nx rdtscp lm constant_tsc arch_perfmon pebs bts nopl xtopology nonstop_tsc aperfmperf eagerfpu pni pclmulqdq dtes64 monitor ds_cpl vmx est tm2 ssse3 cx16 xtpr pdcm pcid sse4_1 sse4_2 x2apic popcnt tsc_deadline_timer aes xsave avx lahf_lm ida arat epb pln pts dtherm tpr_shadow vnmi flexpriority ept vpid xsaveopt
bugs		:
bogomips	: 3987.13
clflush size	: 64
cache_alignment	: 64
address sizes	: 36 bits physical, 48 bits virtual
power management:

processor	: 3
vendor_id	: GenuineIntel
cpu family	: 6
model		: 42
model name	: Intel(R) Core(TM) i7-2630QM CPU @ 2.00GHz
stepping	: 7
microcode	: 0x1b
cpu MHz		: 2599.921
cache size	: 6144 KB
physical id	: 0
siblings	: 8
core id		: 1
cpu cores	: 4
apicid		: 3
initial apicid	: 3
fpu		: yes
fpu_exception	: yes
cpuid level	: 13
wp		: yes
flags		: fpu vme de pse tsc msr pae mce cx8 apic sep mtrr pge mca cmov pat pse36 clflush dts acpi mmx fxsr sse sse2 ss ht tm pbe syscall nx rdtscp lm constant_tsc arch_perfmon pebs bts nopl xtopology nonstop_tsc aperfmperf eagerfpu pni pclmulqdq dtes64 monitor ds_cpl vmx est tm2 ssse3 cx16 xtpr pdcm pcid sse4_1 sse4_2 x2apic popcnt tsc_deadline_timer aes xsave avx lahf_lm ida arat epb pln pts dtherm tpr_shadow vnmi flexpriority ept vpid xsaveopt
bugs		:
bogomips	: 3987.13
clflush size	: 64
cache_alignment	: 64
address sizes	: 36 bits physical, 48 bits virtual
power management:

processor	: 4
vendor_id	: GenuineIntel
cpu family	: 6
model		: 42
model name	: Intel(R) Core(TM) i7-2630QM CPU @ 2.00GHz
stepping	: 7
microcode	: 0x1b
cpu MHz		: 2599.921
cache size	: 6144 KB
physical id	: 0
siblings	: 8
core id		: 2
cpu cores	: 4
apicid		: 4
initial apicid	: 4
fpu		: yes
fpu_exception	: yes
cpuid level	: 13
wp		: yes
flags		: fpu vme de pse tsc msr pae mce cx8 apic sep mtrr pge mca cmov pat pse36 clflush dts acpi mmx fxsr sse sse2 ss ht tm pbe syscall nx rdtscp lm constant_tsc arch_perfmon pebs bts nopl xtopology nonstop_tsc aperfmperf eagerfpu pni pclmulqdq dtes64 monitor ds_cpl vmx est tm2 ssse3 cx16 xtpr pdcm pcid sse4_1 sse4_2 x2apic popcnt tsc_deadline_timer aes xsave avx lahf_lm ida arat epb pln pts dtherm tpr_shadow vnmi flexpriority ept vpid xsaveopt
bugs		:
bogomips	: 3987.13
clflush size	: 64
cache_alignment	: 64
address sizes	: 36 bits physical, 48 bits virtual
power management:

processor	: 5
vendor_id	: GenuineIntel
cpu family	: 6
model		: 42
model name	: Intel(R) Core(TM) i7-2630QM CPU @ 2.00GHz
stepping	: 7
microcode	: 0x1b
cpu MHz		: 2599.921
cache size	: 6144 KB
physical id	: 0
siblings	: 8
core id		: 2
cpu cores	: 4
apicid		: 5
initial apicid	: 5
fpu		: yes
fpu_exception	: yes
cpuid level	: 13
wp		: yes
flags		: fpu vme de pse tsc msr pae mce cx8 apic sep mtrr pge mca cmov pat pse36 clflush dts acpi mmx fxsr sse sse2 ss ht tm pbe syscall nx rdtscp lm constant_tsc arch_perfmon pebs bts nopl xtopology nonstop_tsc aperfmperf eagerfpu pni pclmulqdq dtes64 monitor ds_cpl vmx est tm2 ssse3 cx16 xtpr pdcm pcid sse4_1 sse4_2 x2apic popcnt tsc_deadline_timer aes xsave avx lahf_lm ida arat epb pln pts dtherm tpr_shadow vnmi flexpriority ept vpid xsaveopt
bugs		:
bogomips	: 3987.13
clflush size	: 64
cache_alignment	: 64
address sizes	: 36 bits physical, 48 bits virtual
power management:

processor	: 6
vendor_id	: GenuineIntel
cpu family	: 6
model		: 42
model name	: Intel(R) Core(TM) i7-2630QM CPU @ 2.00GHz
stepping	: 7
microcode	: 0x1b
cpu MHz		: 2599.921
cache size	: 6144 KB
physical id	: 0
siblings	: 8
core id		: 3
cpu cores	: 4
apicid		: 6
initial apicid	: 6
fpu		: yes
fpu_exception	: yes
cpuid level	: 13
wp		: yes
flags		: fpu vme de pse tsc msr pae mce cx8 apic sep mtrr pge mca cmov pat pse36 clflush dts acpi mmx fxsr sse sse2 ss ht tm pbe syscall nx rdtscp lm constant_tsc arch_perfmon pebs bts nopl xtopology nonstop_tsc aperfmperf eagerfpu pni pclmulqdq dtes64 monitor ds_cpl vmx est tm2 ssse3 cx16 xtpr pdcm pcid sse4_1 sse4_2 x2apic popcnt tsc_deadline_timer aes xsave avx lahf_lm ida arat epb pln pts dtherm tpr_shadow vnmi flexpriority ept vpid xsaveopt
bugs		:
bogomips	: 3987.13
clflush size	: 64
cache_alignment	: 64
address sizes	: 36 bits physical, 48 bits virtual
power management:

processor	: 7
vendor_id	: GenuineIntel
cpu family	: 6
model		: 42
model name	: Intel(R) Core(TM) i7-2630QM CPU @ 2.00GHz
stepping	: 7
microcode	: 0x1b
cpu MHz		: 2599.921
cache size	: 6144 KB
physical id	: 0
siblings	: 8
core id		: 3
cpu cores	: 4
apicid		: 7
initial apicid	: 7
fpu		: yes
fpu_exception	: yes
cpuid level	: 13
wp		: yes
flags		: fpu vme de pse tsc msr pae mce cx8 apic sep mtrr pge mca cmov pat pse36 clflush dts acpi mmx fxsr sse sse2 ss ht tm pbe syscall nx rdtscp lm constant_tsc arch_perfmon pebs bts nopl xtopology nonstop_tsc aperfmperf eagerfpu pni pclmulqdq dtes64 monitor ds_cpl vmx est tm2 ssse3 cx16 xtpr pdcm pcid sse4_1 sse4_2 x2apic popcnt tsc_deadline_timer aes xsave avx lahf_lm ida arat epb pln pts dtherm tpr_shadow vnmi flexpriority ept vpid xsaveopt
bugs		:
bogomips	: 3987.13
clflush size	: 64
cache_alignment	: 64
address sizes	: 36 bits physical, 48 bits virtual
power management:



Memory: 4k page, physical 8055416k(63768k free), swap 3906556k(3861648k free)

vm_info: Java HotSpot(TM) 64-Bit Server VM (25.66-b17) for linux-amd64 JRE (1.8.0_66-b17), built on Oct  6 2015 17:28:34 by "java_re" with gcc 4.3.0 20080428 (Red Hat 4.3.0-8)

time: Sun Feb 21 23:13:57 2016
elapsed time: 17 seconds (0d 0h 0m 17s)

